<?xml version="1.0" encoding="UTF-8"?>
<!-- Generated by org.testng.reporters.JUnitReportReporter -->
<testsuite hostname="MANOJKUMAR" failures="0" tests="1" name="com.practise.selenium.SeleniumPractise.Flipkart" time="46.308" errors="0" timestamp="12 Jun 2018 07:37:07 GMT" skipped="0">
  <testcase classname="com.practise.selenium.SeleniumPractise.Flipkart" name="testLogin" time="46.308"/>
</testsuite> <!-- com.practise.selenium.SeleniumPractise.Flipkart -->
