<?xml version="1.0" encoding="UTF-8"?>
<!-- Generated by org.testng.reporters.JUnitReportReporter -->
<testsuite hostname="MANOJKUMAR" failures="0" tests="1" name="Flipkart" time="34.971" errors="0" timestamp="01 May 2018 12:58:57 GMT" skipped="0">
  <testcase classname="Flipkart" name="testLogin" time="34.971"/>
</testsuite> <!-- Flipkart -->
