<?xml version="1.0" encoding="UTF-8"?>
<!-- Generated by org.testng.reporters.JUnitReportReporter -->
<testsuite hostname="MANOJKUMAR" failures="0" tests="1" name="com.practise.selenium.SeleniumPractise.HomePage" time="62.471" errors="0" timestamp="12 Jun 2018 07:30:58 GMT" skipped="0">
  <testcase classname="com.practise.selenium.SeleniumPractise.HomePage" name="testOpen" time="62.471"/>
</testsuite> <!-- com.practise.selenium.SeleniumPractise.HomePage -->
