<?xml version="1.0" encoding="UTF-8"?>
<!-- Generated by org.testng.reporters.JUnitReportReporter -->
<testsuite skipped="0" hostname="MANOJKUMAR" name="com.practise.selenium.SeleniumPractise.Flipkart" tests="1" failures="0" timestamp="12 Jun 2018 09:05:08 GMT" time="102.452" errors="0">
  <testcase name="testLogin" time="102.452" classname="com.practise.selenium.SeleniumPractise.Flipkart"/>
</testsuite> <!-- com.practise.selenium.SeleniumPractise.Flipkart -->
